12:13:49: Creating resource group General
12:13:49: Creating resource group Internal
12:13:49: Creating resource group Autodetect
12:13:49: SceneManagerFactory for type 'DefaultSceneManager' registered.
12:13:49: Registering ResourceManager for type Material
12:13:49: Registering ResourceManager for type Mesh
12:13:49: Registering ResourceManager for type Skeleton
12:13:49: MovableObjectFactory for type 'ParticleSystem' registered.
12:13:49: OverlayElementFactory for type Panel registered.
12:13:49: OverlayElementFactory for type BorderPanel registered.
12:13:49: OverlayElementFactory for type TextArea registered.
12:13:49: Registering ResourceManager for type Font
12:13:49: ArchiveFactory for archive type FileSystem registered.
12:13:49: ArchiveFactory for archive type Zip registered.
12:13:49: FreeImage version: 3.10.0
12:13:49: This program uses FreeImage, a free, open source image library supporting all common bitmap formats. See http://freeimage.sourceforge.net for details
12:13:49: Supported formats: bmp,ico,jpg,jif,jpeg,jpe,jng,koa,iff,lbm,mng,pbm,pbm,pcd,pcx,pgm,pgm,png,ppm,ppm,ras,tga,targa,tif,tiff,wap,wbmp,wbm,psd,cut,xbm,xpm,gif,hdr,g3,sgi,exr,j2k,j2c,jp2
12:13:49: DDS codec registering
12:13:49: Registering ResourceManager for type HighLevelGpuProgram
12:13:49: Registering ResourceManager for type Compositor
12:13:49: MovableObjectFactory for type 'Entity' registered.
12:13:49: MovableObjectFactory for type 'Light' registered.
12:13:49: MovableObjectFactory for type 'BillboardSet' registered.
12:13:49: MovableObjectFactory for type 'ManualObject' registered.
12:13:49: MovableObjectFactory for type 'BillboardChain' registered.
12:13:49: MovableObjectFactory for type 'RibbonTrail' registered.
12:13:49: Loading library .\RenderSystem_Direct3D9
12:13:49: Installing plugin: D3D9 RenderSystem
12:13:49: D3D9 : Direct3D9 Rendering Subsystem created.
12:13:49: D3D9: Driver Detection Starts
12:13:49: D3D9: Driver Detection Ends
12:13:49: Plugin successfully installed
12:13:49: Loading library .\Plugin_CgProgramManager
12:13:49: Installing plugin: Cg Program Manager
12:13:49: Plugin successfully installed
12:13:49: *-*-* OGRE Initialising
12:13:49: *-*-* Version 1.6.5 (Shoggoth)
12:13:49: Creating resource group Bootstrap
12:13:49: Added resource location '../GPUProMedia/OgreCore.zip' of type 'Zip' to resource group 'Bootstrap'
12:13:49: Added resource location '../GPUProMedia' of type 'FileSystem' to resource group 'General'
12:13:49: Added resource location '../GPUProMedia/GPUProScene' of type 'FileSystem' to resource group 'General'
12:13:49: Added resource location '../GPUProMedia/GPUProScene/IrrMaps' of type 'FileSystem' to resource group 'General'
12:13:49: Added resource location '../GPUProMedia/Materials' of type 'FileSystem' to resource group 'General'
12:13:49: Added resource location '../GPUProMedia/Textures' of type 'FileSystem' to resource group 'General'
12:13:49: D3D9 : RenderSystem Option: Allow NVPerfHUD = No
12:13:49: D3D9 : RenderSystem Option: Anti aliasing = None
12:13:49: D3D9 : RenderSystem Option: Floating-point mode = Fastest
12:13:49: D3D9 : RenderSystem Option: Full Screen = No
12:13:49: D3D9 : RenderSystem Option: Rendering Device = NVIDIA GeForce GTX 280
12:13:49: D3D9 : RenderSystem Option: VSync = No
12:13:49: D3D9 : RenderSystem Option: Video Mode = 1280 x 720 @ 32-bit colour
12:13:49: D3D9 : RenderSystem Option: sRGB Gamma Conversion = Yes
12:13:50: CPU Identifier & Features
12:13:50: -------------------------
12:13:50:  *   CPU ID: GenuineIntel: Intel(R) Core(TM)2 Quad  CPU   Q9450  @ 2.66GHz
12:13:50:  *      SSE: yes
12:13:50:  *     SSE2: yes
12:13:50:  *     SSE3: yes
12:13:50:  *      MMX: yes
12:13:50:  *   MMXEXT: yes
12:13:50:  *    3DNOW: no
12:13:50:  * 3DNOWEXT: no
12:13:50:  *     CMOV: yes
12:13:50:  *      TSC: yes
12:13:50:  *      FPU: yes
12:13:50:  *      PRO: yes
12:13:50:  *       HT: no
12:13:50: -------------------------
12:13:50: D3D9 : Subsystem Initialising
12:13:50: D3D9RenderSystem::_createRenderWindow "OGRE Render Window", 1280x720 windowed  miscParams: FSAA=0 FSAAQuality=0 colourDepth=32 gamma=true useNVPerfHUD=false vsync=false 
12:13:50: D3D9 : Created D3D9 Rendering Window 'OGRE Render Window' : 1280x720, 32bpp
12:13:50: D3D9 : WARNING - disabling VSync in windowed mode can cause timing issues at lower frame rates, turn VSync on if you observe this problem.
12:13:50: Registering ResourceManager for type Texture
12:13:50: Registering ResourceManager for type GpuProgram
12:13:50: D3D9: Vertex texture format supported - PF_FLOAT16_RGB
12:13:50: D3D9: Vertex texture format supported - PF_FLOAT16_RGBA
12:13:50: D3D9: Vertex texture format supported - PF_FLOAT32_RGB
12:13:50: D3D9: Vertex texture format supported - PF_FLOAT32_RGBA
12:13:50: D3D9: Vertex texture format supported - PF_FLOAT16_R
12:13:50: D3D9: Vertex texture format supported - PF_FLOAT32_R
12:13:50: D3D9: Vertex texture format supported - PF_FLOAT16_GR
12:13:50: D3D9: Vertex texture format supported - PF_FLOAT32_GR
12:13:50: RenderSystem capabilities
12:13:50: -------------------------
12:13:50: RenderSystem Name: Direct3D9 Rendering Subsystem
12:13:50: GPU Vendor: nvidia
12:13:50: Device Name: NVIDIA GeForce GTX 280
12:13:50: Driver Version: 8.17.11.9713
12:13:50:  * Fixed function pipeline: yes
12:13:50:  * Hardware generation of mipmaps: yes
12:13:50:  * Texture blending: yes
12:13:50:  * Anisotropic texture filtering: yes
12:13:50:  * Dot product texture operation: yes
12:13:50:  * Cube mapping: yes
12:13:50:  * Hardware stencil buffer: yes
12:13:50:    - Stencil depth: 8
12:13:50:    - Two sided stencil support: yes
12:13:50:    - Wrap stencil values: yes
12:13:50:  * Hardware vertex / index buffers: yes
12:13:50:  * Vertex programs: yes
12:13:50:  * Fragment programs: yes
12:13:50:  * Geometry programs: no
12:13:50:  * Supported Shader Profiles: hlsl ps_1_1 ps_1_2 ps_1_3 ps_1_4 ps_2_0 ps_2_a ps_2_b ps_2_x ps_3_0 vs_1_1 vs_2_0 vs_2_a vs_2_x vs_3_0
12:13:50:  * Texture Compression: yes
12:13:50:    - DXT: yes
12:13:50:    - VTC: no
12:13:50:  * Scissor Rectangle: yes
12:13:50:  * Hardware Occlusion Query: yes
12:13:50:  * User clip planes: yes
12:13:50:  * VET_UBYTE4 vertex element type: yes
12:13:50:  * Infinite far plane projection: yes
12:13:50:  * Hardware render-to-texture: yes
12:13:50:  * Floating point textures: yes
12:13:50:  * Non-power-of-two textures: yes
12:13:50:  * Volume textures: yes
12:13:50:  * Multiple Render Targets: 4
12:13:50:    - With different bit depths: yes
12:13:50:  * Point Sprites: yes
12:13:50:  * Extended point parameters: yes
12:13:50:  * Max Point Size: 8192
12:13:50:  * Vertex texture fetch: yes
12:13:50:    - Max vertex textures: 4
12:13:50:    - Vertex textures shared: no
12:13:50:  * Render to Vertex Buffer : no
12:13:50:  * DirectX per stage constants: yes
12:13:50: ***************************************
12:13:50: *** D3D9 : Subsystem Initialised OK ***
12:13:50: ***************************************
12:13:50: ResourceBackgroundQueue - threading disabled
12:13:50: Particle Renderer Type 'billboard' registered
12:13:50: Parsing scripts for resource group Autodetect
12:13:50: Finished parsing scripts for resource group Autodetect
12:13:50: Parsing scripts for resource group Bootstrap
12:13:50: Parsing script OgreCore.material
12:13:50: Parsing script OgreProfiler.material
12:13:50: Parsing script Ogre.fontdef
12:13:50: Parsing script OgreDebugPanel.overlay
12:13:50: Texture: New_Ogre_Border_Center.png: Loading 1 faces(PF_A8R8G8B8,256x128x1) with  hardware generated mipmaps from Image. Internal format is PF_A8R8G8B8,256x128x1.
12:13:50: Texture: New_Ogre_Border.png: Loading 1 faces(PF_A8R8G8B8,256x256x1) with  hardware generated mipmaps from Image. Internal format is PF_A8R8G8B8,256x256x1.
12:13:50: Texture: New_Ogre_Border_Break.png: Loading 1 faces(PF_A8R8G8B8,32x32x1) with  hardware generated mipmaps from Image. Internal format is PF_A8R8G8B8,32x32x1.
12:13:50: Font BlueHighwayusing texture size 512x512
12:13:50: Info: Freetype returned null for character 127 in font BlueHighway
12:13:50: Info: Freetype returned null for character 128 in font BlueHighway
12:13:50: Info: Freetype returned null for character 129 in font BlueHighway
12:13:50: Info: Freetype returned null for character 130 in font BlueHighway
12:13:50: Info: Freetype returned null for character 131 in font BlueHighway
12:13:50: Info: Freetype returned null for character 132 in font BlueHighway
12:13:50: Info: Freetype returned null for character 133 in font BlueHighway
12:13:50: Info: Freetype returned null for character 134 in font BlueHighway
12:13:50: Info: Freetype returned null for character 135 in font BlueHighway
12:13:50: Info: Freetype returned null for character 136 in font BlueHighway
12:13:50: Info: Freetype returned null for character 137 in font BlueHighway
12:13:50: Info: Freetype returned null for character 138 in font BlueHighway
12:13:50: Info: Freetype returned null for character 139 in font BlueHighway
12:13:50: Info: Freetype returned null for character 140 in font BlueHighway
12:13:50: Info: Freetype returned null for character 141 in font BlueHighway
12:13:50: Info: Freetype returned null for character 142 in font BlueHighway
12:13:50: Info: Freetype returned null for character 143 in font BlueHighway
12:13:50: Info: Freetype returned null for character 144 in font BlueHighway
12:13:50: Info: Freetype returned null for character 145 in font BlueHighway
12:13:50: Info: Freetype returned null for character 146 in font BlueHighway
12:13:50: Info: Freetype returned null for character 147 in font BlueHighway
12:13:50: Info: Freetype returned null for character 148 in font BlueHighway
12:13:50: Info: Freetype returned null for character 149 in font BlueHighway
12:13:50: Info: Freetype returned null for character 150 in font BlueHighway
12:13:50: Info: Freetype returned null for character 151 in font BlueHighway
12:13:50: Info: Freetype returned null for character 152 in font BlueHighway
12:13:50: Info: Freetype returned null for character 153 in font BlueHighway
12:13:50: Info: Freetype returned null for character 154 in font BlueHighway
12:13:50: Info: Freetype returned null for character 155 in font BlueHighway
12:13:50: Info: Freetype returned null for character 156 in font BlueHighway
12:13:50: Info: Freetype returned null for character 157 in font BlueHighway
12:13:50: Info: Freetype returned null for character 158 in font BlueHighway
12:13:50: Info: Freetype returned null for character 159 in font BlueHighway
12:13:50: Info: Freetype returned null for character 160 in font BlueHighway
12:13:50: Texture: BlueHighwayTexture: Loading 1 faces(PF_BYTE_LA,512x512x1) with 0 generated mipmaps from Image. Internal format is PF_BYTE_LA,512x512x1.
12:13:50: Texture: ogretext.png: Loading 1 faces(PF_A8R8G8B8,256x128x1) with  hardware generated mipmaps from Image. Internal format is PF_A8R8G8B8,256x128x1.
12:13:50: Parsing script OgreLoadingPanel.overlay
12:13:50: Finished parsing scripts for resource group Bootstrap
12:13:50: Parsing scripts for resource group General
12:13:50: Parsing script StdQuad_vp.program
12:13:50: Parsing script GPUPro.material
12:13:50: Parsing script hdr.material
12:13:50: Parsing script IrrNorm.material
12:13:50: Compiler error: fewer parameters expected in IrrNorm.material(446): lod_index only supports 1 argument
12:13:50: Compiler error: fewer parameters expected in IrrNorm.material(630): lod_index only supports 1 argument
12:13:50: Parsing script Skybox.material
12:13:50: Parsing script HDR.compositor
12:13:50: Parsing script HelpOverlay.overlay
12:13:50: Finished parsing scripts for resource group General
12:13:50: Parsing scripts for resource group Internal
12:13:50: Finished parsing scripts for resource group Internal
12:13:50: Mesh: Loading GroundShape.mesh.
12:13:50: Texture: Dirt.png: Loading 1 faces(PF_R8G8B8,512x512x1) with  hardware generated mipmaps from Image. Internal format is PF_X8R8G8B8,512x512x1.
12:13:50: Mesh: Loading StatueShape.mesh.
12:13:51: Texture: Fischi.png: Loading 1 faces(PF_R8G8B8,3072x1024x1) with 5 generated mipmaps from Image. Internal format is PF_X8R8G8B8,3072x1024x1.
12:13:51: Mesh: Loading NormalTestShape.mesh.
12:13:51: Texture: Test.png: Loading 1 faces(PF_R8G8B8,1x1x1) with  hardware generated mipmaps from Image. Internal format is PF_X8R8G8B8,1x1x1.
12:13:51: Mesh: Loading RockWallShape.mesh.
12:13:51: Texture: Rock.png: Loading 1 faces(PF_R8G8B8,800x800x1) with 5 generated mipmaps from Image. Internal format is PF_X8R8G8B8,800x800x1.
12:13:51: Mesh: Loading RocksRightShape.mesh.
12:13:51: Mesh: Loading StatueCaveShape.mesh.
12:13:51: Mesh: Loading LavaShape.mesh.
12:13:51: Texture: Lava.png: Loading 1 faces(PF_R8G8B8,256x256x1) with  hardware generated mipmaps from Image. Internal format is PF_X8R8G8B8,256x256x1.
12:13:51: Mesh: Loading RocksLeftShape.mesh.
12:13:51: Mesh: Loading ArtefactShape.mesh.
12:13:51: Texture: Artefact.png: Loading 1 faces(PF_R8G8B8,128x128x1) with  hardware generated mipmaps from Image. Internal format is PF_X8R8G8B8,128x128x1.
12:13:51: Mesh: Loading HutShape.mesh.
12:13:51: Mesh: Loading DeepCaveShape.mesh.
12:13:51: Texture: ArtefactNormal.png: Loading 1 faces(PF_R8G8B8,16x16x1) with  hardware generated mipmaps from Image. Internal format is PF_X8R8G8B8,16x16x1.
12:13:51: Texture: ArtefactShape_0.png: Loading 1 faces(PF_R8G8B8,16x16x1) with  hardware generated mipmaps from Image. Internal format is PF_X8R8G8B8,16x16x1.
12:13:51: Texture: ArtefactShape_1.png: Loading 1 faces(PF_R8G8B8,16x16x1) with  hardware generated mipmaps from Image. Internal format is PF_X8R8G8B8,16x16x1.
12:13:51: Texture: ArtefactShape_2.png: Loading 1 faces(PF_R8G8B8,16x16x1) with  hardware generated mipmaps from Image. Internal format is PF_X8R8G8B8,16x16x1.
12:13:51: Texture: ArtefactShape_3.png: Loading 1 faces(PF_R8G8B8,16x16x1) with  hardware generated mipmaps from Image. Internal format is PF_X8R8G8B8,16x16x1.
12:13:51: Texture: ArtefactShape_4.png: Loading 1 faces(PF_R8G8B8,16x16x1) with  hardware generated mipmaps from Image. Internal format is PF_X8R8G8B8,16x16x1.
12:13:51: Texture: ArtefactShape_5.png: Loading 1 faces(PF_R8G8B8,16x16x1) with  hardware generated mipmaps from Image. Internal format is PF_X8R8G8B8,16x16x1.
12:13:52: Texture: RockNormal.png: Loading 1 faces(PF_R8G8B8,2048x2048x1) with  hardware generated mipmaps from Image. Internal format is PF_X8R8G8B8,2048x2048x1.
12:13:52: Texture: DeepCaveShape_0.png: Loading 1 faces(PF_A8R8G8B8,256x256x1) with  hardware generated mipmaps from Image. Internal format is PF_A8R8G8B8,256x256x1.
12:13:52: Texture: DeepCaveShape_1.png: Loading 1 faces(PF_A8R8G8B8,256x256x1) with  hardware generated mipmaps from Image. Internal format is PF_A8R8G8B8,256x256x1.
12:13:52: Texture: DeepCaveShape_2.png: Loading 1 faces(PF_A8R8G8B8,256x256x1) with  hardware generated mipmaps from Image. Internal format is PF_A8R8G8B8,256x256x1.
12:13:52: Texture: DeepCaveShape_3.png: Loading 1 faces(PF_A8R8G8B8,256x256x1) with  hardware generated mipmaps from Image. Internal format is PF_A8R8G8B8,256x256x1.
12:13:52: Texture: DeepCaveShape_4.png: Loading 1 faces(PF_A8R8G8B8,256x256x1) with  hardware generated mipmaps from Image. Internal format is PF_A8R8G8B8,256x256x1.
12:13:52: Texture: DeepCaveShape_5.png: Loading 1 faces(PF_A8R8G8B8,256x256x1) with  hardware generated mipmaps from Image. Internal format is PF_A8R8G8B8,256x256x1.
12:13:52: Texture: DirtNormal.png: Loading 1 faces(PF_R8G8B8,512x512x1) with  hardware generated mipmaps from Image. Internal format is PF_X8R8G8B8,512x512x1.
12:13:52: Texture: GroundShape_0.png: Loading 1 faces(PF_A8R8G8B8,512x512x1) with  hardware generated mipmaps from Image. Internal format is PF_A8R8G8B8,512x512x1.
12:13:52: Texture: GroundShape_1.png: Loading 1 faces(PF_A8R8G8B8,512x512x1) with  hardware generated mipmaps from Image. Internal format is PF_A8R8G8B8,512x512x1.
12:13:52: Texture: GroundShape_2.png: Loading 1 faces(PF_A8R8G8B8,512x512x1) with  hardware generated mipmaps from Image. Internal format is PF_A8R8G8B8,512x512x1.
12:13:52: Texture: GroundShape_3.png: Loading 1 faces(PF_A8R8G8B8,512x512x1) with  hardware generated mipmaps from Image. Internal format is PF_A8R8G8B8,512x512x1.
12:13:52: Texture: GroundShape_4.png: Loading 1 faces(PF_A8R8G8B8,512x512x1) with  hardware generated mipmaps from Image. Internal format is PF_A8R8G8B8,512x512x1.
12:13:52: Texture: GroundShape_5.png: Loading 1 faces(PF_A8R8G8B8,512x512x1) with  hardware generated mipmaps from Image. Internal format is PF_A8R8G8B8,512x512x1.
12:13:52: Texture: HutShape_0.png: Loading 1 faces(PF_A8R8G8B8,256x256x1) with  hardware generated mipmaps from Image. Internal format is PF_A8R8G8B8,256x256x1.
12:13:52: Texture: HutShape_1.png: Loading 1 faces(PF_A8R8G8B8,256x256x1) with  hardware generated mipmaps from Image. Internal format is PF_A8R8G8B8,256x256x1.
12:13:52: Texture: HutShape_2.png: Loading 1 faces(PF_A8R8G8B8,256x256x1) with  hardware generated mipmaps from Image. Internal format is PF_A8R8G8B8,256x256x1.
12:13:52: Texture: HutShape_3.png: Loading 1 faces(PF_A8R8G8B8,256x256x1) with  hardware generated mipmaps from Image. Internal format is PF_A8R8G8B8,256x256x1.
12:13:52: Texture: HutShape_4.png: Loading 1 faces(PF_A8R8G8B8,256x256x1) with  hardware generated mipmaps from Image. Internal format is PF_A8R8G8B8,256x256x1.
12:13:52: Texture: HutShape_5.png: Loading 1 faces(PF_A8R8G8B8,256x256x1) with  hardware generated mipmaps from Image. Internal format is PF_A8R8G8B8,256x256x1.
12:13:52: Texture: LavaNormal.png: Loading 1 faces(PF_R8G8B8,16x16x1) with  hardware generated mipmaps from Image. Internal format is PF_X8R8G8B8,16x16x1.
12:13:52: Texture: LavaShape_0.png: Loading 1 faces(PF_R8G8B8,16x16x1) with  hardware generated mipmaps from Image. Internal format is PF_X8R8G8B8,16x16x1.
12:13:52: Texture: LavaShape_1.png: Loading 1 faces(PF_R8G8B8,16x16x1) with  hardware generated mipmaps from Image. Internal format is PF_X8R8G8B8,16x16x1.
12:13:52: Texture: LavaShape_2.png: Loading 1 faces(PF_R8G8B8,16x16x1) with  hardware generated mipmaps from Image. Internal format is PF_X8R8G8B8,16x16x1.
12:13:52: Texture: LavaShape_3.png: Loading 1 faces(PF_R8G8B8,16x16x1) with  hardware generated mipmaps from Image. Internal format is PF_X8R8G8B8,16x16x1.
12:13:52: Texture: LavaShape_4.png: Loading 1 faces(PF_R8G8B8,16x16x1) with  hardware generated mipmaps from Image. Internal format is PF_X8R8G8B8,16x16x1.
12:13:52: Texture: LavaShape_5.png: Loading 1 faces(PF_R8G8B8,16x16x1) with  hardware generated mipmaps from Image. Internal format is PF_X8R8G8B8,16x16x1.
12:13:52: Texture: TestNormal.png: Loading 1 faces(PF_R8G8B8,1280x768x1) with 5 generated mipmaps from Image. Internal format is PF_X8R8G8B8,1280x768x1.
12:13:52: Texture: NormalTestShape_0.png: Loading 1 faces(PF_A8R8G8B8,16x16x1) with  hardware generated mipmaps from Image. Internal format is PF_A8R8G8B8,16x16x1.
12:13:52: Texture: NormalTestShape_1.png: Loading 1 faces(PF_A8R8G8B8,16x16x1) with  hardware generated mipmaps from Image. Internal format is PF_A8R8G8B8,16x16x1.
12:13:52: Texture: NormalTestShape_2.png: Loading 1 faces(PF_A8R8G8B8,16x16x1) with  hardware generated mipmaps from Image. Internal format is PF_A8R8G8B8,16x16x1.
12:13:52: Texture: NormalTestShape_3.png: Loading 1 faces(PF_A8R8G8B8,16x16x1) with  hardware generated mipmaps from Image. Internal format is PF_A8R8G8B8,16x16x1.
12:13:52: Texture: NormalTestShape_4.png: Loading 1 faces(PF_A8R8G8B8,16x16x1) with  hardware generated mipmaps from Image. Internal format is PF_A8R8G8B8,16x16x1.
12:13:52: Texture: NormalTestShape_5.png: Loading 1 faces(PF_A8R8G8B8,16x16x1) with  hardware generated mipmaps from Image. Internal format is PF_A8R8G8B8,16x16x1.
12:13:52: Texture: RockWallShape_0.png: Loading 1 faces(PF_A8R8G8B8,256x128x1) with  hardware generated mipmaps from Image. Internal format is PF_A8R8G8B8,256x128x1.
12:13:52: Texture: RockWallShape_1.png: Loading 1 faces(PF_A8R8G8B8,256x128x1) with  hardware generated mipmaps from Image. Internal format is PF_A8R8G8B8,256x128x1.
12:13:52: Texture: RockWallShape_2.png: Loading 1 faces(PF_A8R8G8B8,256x128x1) with  hardware generated mipmaps from Image. Internal format is PF_A8R8G8B8,256x128x1.
12:13:52: Texture: RockWallShape_3.png: Loading 1 faces(PF_A8R8G8B8,256x128x1) with  hardware generated mipmaps from Image. Internal format is PF_A8R8G8B8,256x128x1.
12:13:52: Texture: RockWallShape_4.png: Loading 1 faces(PF_A8R8G8B8,256x128x1) with  hardware generated mipmaps from Image. Internal format is PF_A8R8G8B8,256x128x1.
12:13:52: Texture: RockWallShape_5.png: Loading 1 faces(PF_A8R8G8B8,256x128x1) with  hardware generated mipmaps from Image. Internal format is PF_A8R8G8B8,256x128x1.
12:13:52: Texture: RocksLeftShape_0.png: Loading 1 faces(PF_A8R8G8B8,64x64x1) with  hardware generated mipmaps from Image. Internal format is PF_A8R8G8B8,64x64x1.
12:13:52: Texture: RocksLeftShape_1.png: Loading 1 faces(PF_A8R8G8B8,64x64x1) with  hardware generated mipmaps from Image. Internal format is PF_A8R8G8B8,64x64x1.
12:13:52: Texture: RocksLeftShape_2.png: Loading 1 faces(PF_A8R8G8B8,64x64x1) with  hardware generated mipmaps from Image. Internal format is PF_A8R8G8B8,64x64x1.
12:13:52: Texture: RocksLeftShape_3.png: Loading 1 faces(PF_A8R8G8B8,64x64x1) with  hardware generated mipmaps from Image. Internal format is PF_A8R8G8B8,64x64x1.
12:13:52: Texture: RocksLeftShape_4.png: Loading 1 faces(PF_A8R8G8B8,64x64x1) with  hardware generated mipmaps from Image. Internal format is PF_A8R8G8B8,64x64x1.
12:13:52: Texture: RocksLeftShape_5.png: Loading 1 faces(PF_A8R8G8B8,64x64x1) with  hardware generated mipmaps from Image. Internal format is PF_A8R8G8B8,64x64x1.
12:13:52: Texture: RocksRightShape_0.png: Loading 1 faces(PF_A8R8G8B8,64x64x1) with  hardware generated mipmaps from Image. Internal format is PF_A8R8G8B8,64x64x1.
12:13:52: Texture: RocksRightShape_1.png: Loading 1 faces(PF_A8R8G8B8,64x64x1) with  hardware generated mipmaps from Image. Internal format is PF_A8R8G8B8,64x64x1.
12:13:52: Texture: RocksRightShape_2.png: Loading 1 faces(PF_A8R8G8B8,64x64x1) with  hardware generated mipmaps from Image. Internal format is PF_A8R8G8B8,64x64x1.
12:13:52: Texture: RocksRightShape_3.png: Loading 1 faces(PF_A8R8G8B8,64x64x1) with  hardware generated mipmaps from Image. Internal format is PF_A8R8G8B8,64x64x1.
12:13:52: Texture: RocksRightShape_4.png: Loading 1 faces(PF_A8R8G8B8,64x64x1) with  hardware generated mipmaps from Image. Internal format is PF_A8R8G8B8,64x64x1.
12:13:52: Texture: RocksRightShape_5.png: Loading 1 faces(PF_A8R8G8B8,64x64x1) with  hardware generated mipmaps from Image. Internal format is PF_A8R8G8B8,64x64x1.
12:13:52: Texture: FischiNormal.png: Loading 1 faces(PF_R8G8B8,3072x1024x1) with 5 generated mipmaps from Image. Internal format is PF_X8R8G8B8,3072x1024x1.
12:13:53: Texture: StatueCaveShape_0.png: Loading 1 faces(PF_A8R8G8B8,384x128x1) with 5 generated mipmaps from Image. Internal format is PF_A8R8G8B8,384x128x1.
12:13:53: Texture: StatueCaveShape_1.png: Loading 1 faces(PF_A8R8G8B8,384x128x1) with 5 generated mipmaps from Image. Internal format is PF_A8R8G8B8,384x128x1.
12:13:53: Texture: StatueCaveShape_2.png: Loading 1 faces(PF_A8R8G8B8,384x128x1) with 5 generated mipmaps from Image. Internal format is PF_A8R8G8B8,384x128x1.
12:13:53: Texture: StatueCaveShape_3.png: Loading 1 faces(PF_A8R8G8B8,384x128x1) with 5 generated mipmaps from Image. Internal format is PF_A8R8G8B8,384x128x1.
12:13:53: Texture: StatueCaveShape_4.png: Loading 1 faces(PF_A8R8G8B8,384x128x1) with 5 generated mipmaps from Image. Internal format is PF_A8R8G8B8,384x128x1.
12:13:53: Texture: StatueCaveShape_5.png: Loading 1 faces(PF_A8R8G8B8,384x128x1) with 5 generated mipmaps from Image. Internal format is PF_A8R8G8B8,384x128x1.
12:13:53: Texture: StatueShape_0.png: Loading 1 faces(PF_A8R8G8B8,384x128x1) with 5 generated mipmaps from Image. Internal format is PF_A8R8G8B8,384x128x1.
12:13:53: Texture: StatueShape_1.png: Loading 1 faces(PF_A8R8G8B8,384x128x1) with 5 generated mipmaps from Image. Internal format is PF_A8R8G8B8,384x128x1.
12:13:53: Texture: StatueShape_2.png: Loading 1 faces(PF_A8R8G8B8,384x128x1) with 5 generated mipmaps from Image. Internal format is PF_A8R8G8B8,384x128x1.
12:13:53: Texture: StatueShape_3.png: Loading 1 faces(PF_A8R8G8B8,384x128x1) with 5 generated mipmaps from Image. Internal format is PF_A8R8G8B8,384x128x1.
12:13:53: Texture: StatueShape_4.png: Loading 1 faces(PF_A8R8G8B8,384x128x1) with 5 generated mipmaps from Image. Internal format is PF_A8R8G8B8,384x128x1.
12:13:53: Texture: StatueShape_5.png: Loading 1 faces(PF_A8R8G8B8,384x128x1) with 5 generated mipmaps from Image. Internal format is PF_A8R8G8B8,384x128x1.
12:13:53: Texture: campus_cross_fr.png: Loading 1 faces(PF_R8G8B8,256x256x1) with  hardware generated mipmaps from Image. Internal format is PF_X8R8G8B8,256x256x1.
12:13:53: Texture: campus_cross_bk.png: Loading 1 faces(PF_R8G8B8,256x256x1) with  hardware generated mipmaps from Image. Internal format is PF_X8R8G8B8,256x256x1.
12:13:53: Texture: campus_cross_lf.png: Loading 1 faces(PF_R8G8B8,256x256x1) with  hardware generated mipmaps from Image. Internal format is PF_X8R8G8B8,256x256x1.
12:13:53: Texture: campus_cross_rt.png: Loading 1 faces(PF_R8G8B8,256x256x1) with  hardware generated mipmaps from Image. Internal format is PF_X8R8G8B8,256x256x1.
12:13:53: Texture: campus_cross_up.png: Loading 1 faces(PF_R8G8B8,256x256x1) with  hardware generated mipmaps from Image. Internal format is PF_X8R8G8B8,256x256x1.
12:13:53: Texture: campus_cross_dn.png: Loading 1 faces(PF_R8G8B8,256x256x1) with  hardware generated mipmaps from Image. Internal format is PF_X8R8G8B8,256x256x1.
12:13:53: *** Initializing OIS ***
12:14:34: D3D9 : Loading 2D Texture, image name : 'ArtefactShape_0.DDS' with 5 mip map levels
12:14:34: D3D9 : Loading 2D Texture, image name : 'ArtefactShape_1.DDS' with 5 mip map levels
12:14:34: D3D9 : Loading 2D Texture, image name : 'ArtefactShape_2.DDS' with 5 mip map levels
12:14:34: D3D9 : Loading 2D Texture, image name : 'ArtefactShape_3.DDS' with 5 mip map levels
12:14:34: D3D9 : Loading 2D Texture, image name : 'ArtefactShape_4.DDS' with 5 mip map levels
12:14:34: D3D9 : Loading 2D Texture, image name : 'ArtefactShape_5.DDS' with 5 mip map levels
12:14:34: D3D9 : Loading 2D Texture, image name : 'DeepCaveShape_0.DDS' with 5 mip map levels
12:14:34: D3D9 : Loading 2D Texture, image name : 'DeepCaveShape_1.DDS' with 5 mip map levels
12:14:34: D3D9 : Loading 2D Texture, image name : 'DeepCaveShape_2.DDS' with 5 mip map levels
12:14:34: D3D9 : Loading 2D Texture, image name : 'DeepCaveShape_3.DDS' with 5 mip map levels
12:14:34: D3D9 : Loading 2D Texture, image name : 'DeepCaveShape_4.DDS' with 5 mip map levels
12:14:34: D3D9 : Loading 2D Texture, image name : 'DeepCaveShape_5.DDS' with 5 mip map levels
12:14:34: D3D9 : Loading 2D Texture, image name : 'GroundShape_0.DDS' with 5 mip map levels
12:14:34: D3D9 : Loading 2D Texture, image name : 'GroundShape_1.DDS' with 5 mip map levels
12:14:34: D3D9 : Loading 2D Texture, image name : 'GroundShape_2.DDS' with 5 mip map levels
12:14:34: D3D9 : Loading 2D Texture, image name : 'GroundShape_3.DDS' with 5 mip map levels
12:14:34: D3D9 : Loading 2D Texture, image name : 'GroundShape_4.DDS' with 5 mip map levels
12:14:34: D3D9 : Loading 2D Texture, image name : 'GroundShape_5.DDS' with 5 mip map levels
12:14:34: D3D9 : Loading 2D Texture, image name : 'HutShape_0.DDS' with 5 mip map levels
12:14:34: D3D9 : Loading 2D Texture, image name : 'HutShape_1.DDS' with 5 mip map levels
12:14:34: D3D9 : Loading 2D Texture, image name : 'HutShape_2.DDS' with 5 mip map levels
12:14:34: D3D9 : Loading 2D Texture, image name : 'HutShape_3.DDS' with 5 mip map levels
12:14:34: D3D9 : Loading 2D Texture, image name : 'HutShape_4.DDS' with 5 mip map levels
12:14:34: D3D9 : Loading 2D Texture, image name : 'HutShape_5.DDS' with 5 mip map levels
12:14:34: D3D9 : Loading 2D Texture, image name : 'LavaShape_0.DDS' with 5 mip map levels
12:14:34: D3D9 : Loading 2D Texture, image name : 'LavaShape_1.DDS' with 5 mip map levels
12:14:34: D3D9 : Loading 2D Texture, image name : 'LavaShape_2.DDS' with 5 mip map levels
12:14:34: D3D9 : Loading 2D Texture, image name : 'LavaShape_3.DDS' with 5 mip map levels
12:14:34: D3D9 : Loading 2D Texture, image name : 'LavaShape_4.DDS' with 5 mip map levels
12:14:34: D3D9 : Loading 2D Texture, image name : 'LavaShape_5.DDS' with 5 mip map levels
12:14:34: D3D9 : Loading 2D Texture, image name : 'NormalTestShape_0.DDS' with 5 mip map levels
12:14:34: D3D9 : Loading 2D Texture, image name : 'NormalTestShape_1.DDS' with 5 mip map levels
12:14:34: D3D9 : Loading 2D Texture, image name : 'NormalTestShape_2.DDS' with 5 mip map levels
12:14:34: D3D9 : Loading 2D Texture, image name : 'NormalTestShape_3.DDS' with 5 mip map levels
12:14:34: D3D9 : Loading 2D Texture, image name : 'NormalTestShape_4.DDS' with 5 mip map levels
12:14:34: D3D9 : Loading 2D Texture, image name : 'NormalTestShape_5.DDS' with 5 mip map levels
12:14:34: D3D9 : Loading 2D Texture, image name : 'RockWallShape_0.DDS' with 5 mip map levels
12:14:34: D3D9 : Loading 2D Texture, image name : 'RockWallShape_1.DDS' with 5 mip map levels
12:14:34: D3D9 : Loading 2D Texture, image name : 'RockWallShape_2.DDS' with 5 mip map levels
12:14:34: D3D9 : Loading 2D Texture, image name : 'RockWallShape_3.DDS' with 5 mip map levels
12:14:34: D3D9 : Loading 2D Texture, image name : 'RockWallShape_4.DDS' with 5 mip map levels
12:14:34: D3D9 : Loading 2D Texture, image name : 'RockWallShape_5.DDS' with 5 mip map levels
12:14:34: D3D9 : Loading 2D Texture, image name : 'RocksLeftShape_0.DDS' with 5 mip map levels
12:14:34: D3D9 : Loading 2D Texture, image name : 'RocksLeftShape_1.DDS' with 5 mip map levels
12:14:34: D3D9 : Loading 2D Texture, image name : 'RocksLeftShape_2.DDS' with 5 mip map levels
12:14:34: D3D9 : Loading 2D Texture, image name : 'RocksLeftShape_3.DDS' with 5 mip map levels
12:14:34: D3D9 : Loading 2D Texture, image name : 'RocksLeftShape_4.DDS' with 5 mip map levels
12:14:34: D3D9 : Loading 2D Texture, image name : 'RocksLeftShape_5.DDS' with 5 mip map levels
12:14:34: D3D9 : Loading 2D Texture, image name : 'RocksRightShape_0.DDS' with 5 mip map levels
12:14:34: D3D9 : Loading 2D Texture, image name : 'RocksRightShape_1.DDS' with 5 mip map levels
12:14:34: D3D9 : Loading 2D Texture, image name : 'RocksRightShape_2.DDS' with 5 mip map levels
12:14:34: D3D9 : Loading 2D Texture, image name : 'RocksRightShape_3.DDS' with 5 mip map levels
12:14:34: D3D9 : Loading 2D Texture, image name : 'RocksRightShape_4.DDS' with 5 mip map levels
12:14:34: D3D9 : Loading 2D Texture, image name : 'RocksRightShape_5.DDS' with 5 mip map levels
12:14:34: D3D9 : Loading 2D Texture, image name : 'StatueCaveShape_0.DDS' with 5 mip map levels
12:14:34: D3D9 : Loading 2D Texture, image name : 'StatueCaveShape_1.DDS' with 5 mip map levels
12:14:34: D3D9 : Loading 2D Texture, image name : 'StatueCaveShape_2.DDS' with 5 mip map levels
12:14:34: D3D9 : Loading 2D Texture, image name : 'StatueCaveShape_3.DDS' with 5 mip map levels
12:14:35: D3D9 : Loading 2D Texture, image name : 'StatueCaveShape_4.DDS' with 5 mip map levels
12:14:35: D3D9 : Loading 2D Texture, image name : 'StatueCaveShape_5.DDS' with 5 mip map levels
12:14:35: D3D9 : Loading 2D Texture, image name : 'StatueShape_0.DDS' with 5 mip map levels
12:14:35: D3D9 : Loading 2D Texture, image name : 'StatueShape_1.DDS' with 5 mip map levels
12:14:35: D3D9 : Loading 2D Texture, image name : 'StatueShape_2.DDS' with 5 mip map levels
12:14:35: D3D9 : Loading 2D Texture, image name : 'StatueShape_3.DDS' with 5 mip map levels
12:14:35: D3D9 : Loading 2D Texture, image name : 'StatueShape_4.DDS' with 5 mip map levels
12:14:35: D3D9 : Loading 2D Texture, image name : 'StatueShape_5.DDS' with 5 mip map levels
12:15:12: *-*-* OGRE Shutdown
12:15:12: Unregistering ResourceManager for type Compositor
12:15:12: Unregistering ResourceManager for type Font
12:15:12: Unregistering ResourceManager for type Skeleton
12:15:12: Unregistering ResourceManager for type Mesh
12:15:12: Unregistering ResourceManager for type HighLevelGpuProgram
12:15:12: Uninstalling plugin: Cg Program Manager
12:15:12: Plugin successfully uninstalled
12:15:12: Unloading library .\Plugin_CgProgramManager
12:15:12: Uninstalling plugin: D3D9 RenderSystem
12:15:12: D3D9 : Shutting down cleanly.
12:15:12: Unregistering ResourceManager for type Texture
12:15:12: Unregistering ResourceManager for type GpuProgram
12:15:12: D3D9 : Direct3D9 Rendering Subsystem destroyed.
12:15:12: Plugin successfully uninstalled
12:15:12: Unloading library .\RenderSystem_Direct3D9
12:15:12: Unregistering ResourceManager for type Material
